c:\users\nfcexjobb\desktop\data_generator\data_generator\x64\debug\vc120.pdb
c:\users\nfcexjobb\desktop\data_generator\data_generator\x64\debug\.netframework,version=v4.5.assemblyattributes.obj
c:\users\nfcexjobb\desktop\exjobb_nfc\exjobb\data_generator\data_generator\x64\debug\vc120.pdb
c:\users\nfcexjobb\desktop\exjobb_nfc\exjobb\data_generator\data_generator\x64\debug\myform.obj
c:\users\nfcexjobb\desktop\data_generator\data_generator\x64\debug\data_generator.myform.resources
c:\users\nfcexjobb\desktop\exjobb_nfc\exjobb\data_generator\data_generator\x64\debug\data_generator.myform.resources
c:\users\nfcexjobb\desktop\exjobb_nfc\exjobb\data_generator\x64\debug\data_generator.exe
c:\users\nfcexjobb\desktop\exjobb_nfc\exjobb\data_generator\x64\debug\data_generator.pdb
c:\users\nfcexjobb\desktop\exjobb_nfc\exjobb\data_generator\data_generator\x64\debug\data_generator.vcxproj.generateresource.cache
c:\users\nfcexjobb\desktop\exjobb_nfc\exjobb\data_generator\data_generator\x64\debug\data_generator.vcxprojresolveassemblyreference.cache
c:\users\nfcexjobb\desktop\exjobb_nfc\exjobb\data_generator\data_generator\x64\debug\.netframework,version=v4.5.assemblyattributes.obj
c:\users\nfcexjobb\desktop\exjobb_nfc\exjobb\data_generator\data_generator\x64\debug\data_generator.tlog\cl.command.1.tlog
c:\users\nfcexjobb\desktop\exjobb_nfc\exjobb\data_generator\data_generator\x64\debug\data_generator.tlog\cl.read.1.tlog
c:\users\nfcexjobb\desktop\exjobb_nfc\exjobb\data_generator\data_generator\x64\debug\data_generator.tlog\cl.write.1.tlog
c:\users\nfcexjobb\desktop\exjobb_nfc\exjobb\data_generator\data_generator\x64\debug\data_generator.tlog\data_generator.write.1u.tlog
c:\users\nfcexjobb\desktop\exjobb_nfc\exjobb\data_generator\data_generator\x64\debug\data_generator.tlog\link.command.1.tlog
c:\users\nfcexjobb\desktop\exjobb_nfc\exjobb\data_generator\data_generator\x64\debug\data_generator.tlog\link.read.1.tlog
c:\users\nfcexjobb\desktop\exjobb_nfc\exjobb\data_generator\data_generator\x64\debug\data_generator.tlog\link.write.1.tlog
c:\users\nfcexjobb\desktop\exjobb_nfc\exjobb\data_generator\data_generator\x64\debug\data_generator.tlog\metagen.read.1.tlog
c:\users\nfcexjobb\desktop\exjobb_nfc\exjobb\data_generator\data_generator\x64\debug\data_generator.tlog\metagen.write.1.tlog
c:\users\nfcexjobb\desktop\exjobb_nfc\exjobb\data_generator\data_generator\x64\debug\data_generator.tlog\tzres.dll.bi
