Build started 2016-02-01 12:10:50.
     1>Project "C:\Users\NFCexjobb\Desktop\QtDataGenerator\QtDataGenerator\QtDataGenerator.vcxproj" on node 2 (Build target(s)).
     1>CustomBuild:
         Moc'ing qtdatagenerator.h...
         Uic'ing qtdatagenerator.ui...
         Rcc'ing qtdatagenerator.qrc...
     1>RCC : warning : No resources in 'C:\Users\NFCexjobb\Desktop\QtDataGenerator\QtDataGenerator\qtdatagenerator.qrc'.
         
       ClCompile:
         C:\Program Files (x86)\Microsoft Visual Studio 12.0\VC\bin\CL.exe /c /I.\GeneratedFiles /I. /IC:\Qt\5.5\msvc2013_64\include /I.\GeneratedFiles\Debug /IC:\Qt\5.5\msvc2013_64\include\QtCore /IC:\Qt\5.5\msvc2013_64\include\QtGui /IC:\Qt\5.5\msvc2013_64\include\QtWidgets /Zi /nologo /W1 /WX- /Od /Oy- /D UNICODE /D WIN32 /D WIN64 /D QT_DLL /D QT_CORE_LIB /D QT_GUI_LIB /D QT_WIDGETS_LIB /Gm- /EHsc /MDd /GS /fp:precise /Zc:wchar_t /Zc:forScope /Fo"Debug\\" /Fd"Debug\vc120.pdb" /Gd /TP /analyze- /errorReport:prompt GeneratedFiles\Debug\moc_qtdatagenerator.cpp main.cpp qtdatagenerator.cpp
         moc_qtdatagenerator.cpp
         main.cpp
         qtdatagenerator.cpp
         Generating Code...
         C:\Program Files (x86)\Microsoft Visual Studio 12.0\VC\bin\CL.exe /c /I.\GeneratedFiles /I. /IC:\Qt\5.5\msvc2013_64\include /I.\GeneratedFiles\Debug /IC:\Qt\5.5\msvc2013_64\include\QtCore /IC:\Qt\5.5\msvc2013_64\include\QtGui /IC:\Qt\5.5\msvc2013_64\include\QtWidgets /Zi /nologo /W1 /WX- /Od /Oy- /D UNICODE /D WIN32 /D WIN64 /D QT_DLL /D QT_CORE_LIB /D QT_GUI_LIB /D QT_WIDGETS_LIB /Gm- /EHsc /MDd /GS /fp:precise /Zc:wchar_t /Zc:forScope /Fo"Debug\\" /Fd"Debug\vc120.pdb" /Gd /TP /analyze- /errorReport:prompt GeneratedFiles\qrc_qtdatagenerator.cpp
         qrc_qtdatagenerator.cpp
       Link:
         C:\Program Files (x86)\Microsoft Visual Studio 12.0\VC\bin\link.exe /ERRORREPORT:PROMPT /OUT:"C:\Users\NFCexjobb\Desktop\QtDataGenerator\Win32\Debug\\QtDataGenerator.exe" /NOLOGO /LIBPATH:C:\Qt\5.5\msvc2013_64\lib qtmaind.lib Qt5Cored.lib Qt5Guid.lib Qt5Widgetsd.lib kernel32.lib user32.lib gdi32.lib winspool.lib comdlg32.lib advapi32.lib shell32.lib ole32.lib oleaut32.lib uuid.lib odbc32.lib odbccp32.lib /MANIFEST /MANIFESTUAC:"level='asInvoker' uiAccess='false'" /manifest:embed /DEBUG /PDB:"C:\Users\NFCexjobb\Desktop\QtDataGenerator\Win32\Debug\QtDataGenerator.pdb" /SUBSYSTEM:WINDOWS /TLBID:1 /DYNAMICBASE /NXCOMPAT /IMPLIB:"C:\Users\NFCexjobb\Desktop\QtDataGenerator\Win32\Debug\QtDataGenerator.lib" /MACHINE:X86 /SAFESEH Debug\moc_qtdatagenerator.obj
         Debug\qrc_qtdatagenerator.obj
         Debug\main.obj
         Debug\qtdatagenerator.obj
     1>Qt5Widgetsd.lib(Qt5Widgetsd.dll) : fatal error LNK1112: module machine type 'x64' conflicts with target machine type 'X86'
     1>Done Building Project "C:\Users\NFCexjobb\Desktop\QtDataGenerator\QtDataGenerator\QtDataGenerator.vcxproj" (Build target(s)) -- FAILED.

Build FAILED.

Time Elapsed 00:00:02.80
