c:\users\arman\desktop\exjobb_nfc\exjobb\qtdatagenerator\qtdatagenerator\x64\debug\vc120.pdb
c:\users\arman\desktop\exjobb_nfc\exjobb\qtdatagenerator\qtdatagenerator\x64\debug\qtdatagenerator.obj
c:\users\arman\desktop\exjobb_nfc\exjobb\qtdatagenerator\qtdatagenerator\x64\debug\main.obj
c:\users\arman\desktop\exjobb_nfc\exjobb\qtdatagenerator\qtdatagenerator\x64\debug\moc_qtdatagenerator.obj
c:\users\arman\desktop\exjobb_nfc\exjobb\qtdatagenerator\qtdatagenerator\x64\debug\moc_cvimagewidget.obj
c:\users\arman\desktop\exjobb_nfc\exjobb\qtdatagenerator\qtdatagenerator\x64\debug\cvimagewidget.obj
c:\users\arman\desktop\exjobb_nfc\exjobb\qtdatagenerator\qtdatagenerator\x64\debug\qrc_qtdatagenerator.obj
c:\users\arman\desktop\exjobb_nfc\exjobb\qtdatagenerator\qtdatagenerator\x64\debug\myimage.obj
c:\users\arman\desktop\exjobb_nfc\exjobb\qtdatagenerator\qtdatagenerator\generatedfiles\ui_qtdatagenerator.h
c:\users\arman\desktop\exjobb_nfc\exjobb\qtdatagenerator\qtdatagenerator\generatedfiles\debug\moc_cvimagewidget.cpp
c:\users\arman\desktop\exjobb_nfc\exjobb\qtdatagenerator\qtdatagenerator\generatedfiles\qrc_qtdatagenerator.cpp
c:\users\arman\desktop\exjobb_nfc\exjobb\qtdatagenerator\qtdatagenerator\generatedfiles\debug\moc_qtdatagenerator.cpp
c:\users\arman\desktop\exjobb_nfc\exjobb\qtdatagenerator\x64\debug\qtdatagenerator.pdb
c:\users\arman\desktop\exjobb_nfc\exjobb\qtdatagenerator\qtdatagenerator\x64\debug\qtdatagenerator.tlog\cl.command.1.tlog
c:\users\arman\desktop\exjobb_nfc\exjobb\qtdatagenerator\qtdatagenerator\x64\debug\qtdatagenerator.tlog\cl.read.1.tlog
c:\users\arman\desktop\exjobb_nfc\exjobb\qtdatagenerator\qtdatagenerator\x64\debug\qtdatagenerator.tlog\cl.write.1.tlog
c:\users\arman\desktop\exjobb_nfc\exjobb\qtdatagenerator\qtdatagenerator\x64\debug\qtdatagenerator.tlog\custombuild.command.1.tlog
c:\users\arman\desktop\exjobb_nfc\exjobb\qtdatagenerator\qtdatagenerator\x64\debug\qtdatagenerator.tlog\custombuild.read.1.tlog
c:\users\arman\desktop\exjobb_nfc\exjobb\qtdatagenerator\qtdatagenerator\x64\debug\qtdatagenerator.tlog\custombuild.write.1.tlog
c:\users\arman\desktop\exjobb_nfc\exjobb\qtdatagenerator\qtdatagenerator\x64\debug\qtdatagenerator.tlog\link-cvtres.read.1.tlog
c:\users\arman\desktop\exjobb_nfc\exjobb\qtdatagenerator\qtdatagenerator\x64\debug\qtdatagenerator.tlog\link-cvtres.write.1.tlog
c:\users\arman\desktop\exjobb_nfc\exjobb\qtdatagenerator\qtdatagenerator\x64\debug\qtdatagenerator.tlog\link-rc.read.1.tlog
c:\users\arman\desktop\exjobb_nfc\exjobb\qtdatagenerator\qtdatagenerator\x64\debug\qtdatagenerator.tlog\link-rc.write.1.tlog
c:\users\arman\desktop\exjobb_nfc\exjobb\qtdatagenerator\qtdatagenerator\x64\debug\qtdatagenerator.tlog\link.6304-cvtres.read.1.tlog
c:\users\arman\desktop\exjobb_nfc\exjobb\qtdatagenerator\qtdatagenerator\x64\debug\qtdatagenerator.tlog\link.6304-cvtres.write.1.tlog
c:\users\arman\desktop\exjobb_nfc\exjobb\qtdatagenerator\qtdatagenerator\x64\debug\qtdatagenerator.tlog\link.6304-rc.read.1.tlog
c:\users\arman\desktop\exjobb_nfc\exjobb\qtdatagenerator\qtdatagenerator\x64\debug\qtdatagenerator.tlog\link.6304-rc.write.1.tlog
c:\users\arman\desktop\exjobb_nfc\exjobb\qtdatagenerator\qtdatagenerator\x64\debug\qtdatagenerator.tlog\link.6304.read.1.tlog
c:\users\arman\desktop\exjobb_nfc\exjobb\qtdatagenerator\qtdatagenerator\x64\debug\qtdatagenerator.tlog\link.6304.write.1.tlog
c:\users\arman\desktop\exjobb_nfc\exjobb\qtdatagenerator\qtdatagenerator\x64\debug\qtdatagenerator.tlog\link.command.1.tlog
c:\users\arman\desktop\exjobb_nfc\exjobb\qtdatagenerator\qtdatagenerator\x64\debug\qtdatagenerator.tlog\link.read.1.tlog
c:\users\arman\desktop\exjobb_nfc\exjobb\qtdatagenerator\qtdatagenerator\x64\debug\qtdatagenerator.tlog\link.write.1.tlog
