Build started 2/16/2016 4:45:34 PM.
     1>Project "C:\Users\arman\Desktop\Exjobb_NFC\Exjobb\QtDataGenerator\QtDataGenerator\QtDataGenerator.vcxproj" on node 2 (Rebuild target(s)).
     1>CustomBuild:
         Moc'ing qtdatagenerator.h...
         Uic'ing qtdatagenerator.ui...
         Rcc'ing qtdatagenerator.qrc...
     1>RCC : warning : No resources in 'C:\Users\arman\Desktop\Exjobb_NFC\Exjobb\QtDataGenerator\QtDataGenerator\qtdatagenerator.qrc'.
         
     1>C:\Program Files (x86)\MSBuild\Microsoft.Cpp\v4.0\V120\Microsoft.CppBuild.targets(935,5): warning MSB8027: Two or more files with the name of moc_qtdatagenerator.cpp will produce outputs to the same location. This can lead to an incorrect build result.  The files involved are GeneratedFiles\Debug\moc_qtdatagenerator.cpp, GeneratedFiles\Release\moc_qtdatagenerator.cpp.
       ClCompile:
         C:\Program Files (x86)\Microsoft Visual Studio 12.0\VC\bin\x86_amd64\CL.exe /c /Ic:\opencv\build\include /I.\GeneratedFiles /I. /IC:\Qt\5.5\msvc2013_64\include /I.\GeneratedFiles\Release /IC:\Qt\5.5\msvc2013_64\include\QtCore /IC:\Qt\5.5\msvc2013_64\include\QtGui /IC:\Qt\5.5\msvc2013_64\include\QtWidgets /nologo /W1 /WX- /O2 /D UNICODE /D WIN32 /D WIN64 /D QT_DLL /D QT_NO_DEBUG /D NDEBUG /D QT_CORE_LIB /D QT_GUI_LIB /D QT_WIDGETS_LIB /Gm- /EHsc /MD /GS /fp:precise /Zc:wchar_t /Zc:forScope /Fo"x64\Release\\" /Fd"x64\Release\vc120.pdb" /Gd /TP /errorReport:prompt GeneratedFiles\qrc_qtdatagenerator.cpp
         qrc_qtdatagenerator.cpp
         C:\Program Files (x86)\Microsoft Visual Studio 12.0\VC\bin\x86_amd64\CL.exe /c /Ic:\opencv\build\include /I.\GeneratedFiles /I. /IC:\Qt\5.5\msvc2013_64\include /I.\GeneratedFiles\Release /IC:\Qt\5.5\msvc2013_64\include\QtCore /IC:\Qt\5.5\msvc2013_64\include\QtGui /IC:\Qt\5.5\msvc2013_64\include\QtWidgets /nologo /W1 /WX- /O2 /D UNICODE /D WIN32 /D WIN64 /D QT_DLL /D QT_NO_DEBUG /D NDEBUG /D QT_CORE_LIB /D QT_GUI_LIB /D QT_WIDGETS_LIB /Gm- /EHsc /MD /GS /fp:precise /Zc:wchar_t /Zc:forScope /Fo"x64\Release\\" /Fd"x64\Release\vc120.pdb" /Gd /TP /errorReport:prompt GeneratedFiles\Release\moc_qtdatagenerator.cpp main.cpp MyImage.cpp qtdatagenerator.cpp
         moc_qtdatagenerator.cpp
         main.cpp
         MyImage.cpp
         qtdatagenerator.cpp
         Generating Code...
       Link:
         C:\Program Files (x86)\Microsoft Visual Studio 12.0\VC\bin\x86_amd64\link.exe /ERRORREPORT:PROMPT /OUT:"C:\Users\arman\Desktop\Exjobb_NFC\Exjobb\QtDataGenerator\x64\Release\\QtDataGenerator.exe" /NOLOGO /LIBPATH:c:\opencv\build\x64\vc12\lib /LIBPATH:C:\Qt\5.5\msvc2013_64\lib qtmain.lib Qt5Core.lib Qt5Gui.lib Qt5Widgets.lib opencv_world310.lib kernel32.lib user32.lib gdi32.lib winspool.lib comdlg32.lib advapi32.lib shell32.lib ole32.lib oleaut32.lib uuid.lib odbc32.lib odbccp32.lib /MANIFEST /MANIFESTUAC:"level='asInvoker' uiAccess='false'" /manifest:embed /PDB:"C:\Users\arman\Desktop\Exjobb_NFC\Exjobb\QtDataGenerator\x64\Release\QtDataGenerator.pdb" /SUBSYSTEM:WINDOWS /TLBID:1 /DYNAMICBASE /NXCOMPAT /IMPLIB:"C:\Users\arman\Desktop\Exjobb_NFC\Exjobb\QtDataGenerator\x64\Release\QtDataGenerator.lib" /MACHINE:X64 x64\Release\qrc_qtdatagenerator.obj
         x64\Release\moc_qtdatagenerator.obj
         x64\Release\main.obj
         x64\Release\MyImage.obj
         x64\Release\qtdatagenerator.obj
         QtDataGenerator.vcxproj -> C:\Users\arman\Desktop\Exjobb_NFC\Exjobb\QtDataGenerator\x64\Release\QtDataGenerator.exe
     1>Done Building Project "C:\Users\arman\Desktop\Exjobb_NFC\Exjobb\QtDataGenerator\QtDataGenerator\QtDataGenerator.vcxproj" (Rebuild target(s)).

Build succeeded.

Time Elapsed 00:00:09.62
