c:\users\arman\desktop\exjobb_nfc\exjobb\qtdatagenerator\qtdatagenerator\x64\release\qtdatagenerator.obj
c:\users\arman\desktop\exjobb_nfc\exjobb\qtdatagenerator\qtdatagenerator\x64\release\myimage.obj
c:\users\arman\desktop\exjobb_nfc\exjobb\qtdatagenerator\qtdatagenerator\x64\release\main.obj
c:\users\arman\desktop\exjobb_nfc\exjobb\qtdatagenerator\qtdatagenerator\x64\release\moc_qtdatagenerator.obj
c:\users\arman\desktop\exjobb_nfc\exjobb\qtdatagenerator\qtdatagenerator\x64\release\generatedfiles\qrc_qtdatagenerator.obj
c:\users\arman\desktop\exjobb_nfc\exjobb\qtdatagenerator\qtdatagenerator\x64\release\generatedfiles\release\moc_qtdatagenerator.obj
c:\users\arman\desktop\exjobb_nfc\exjobb\qtdatagenerator\qtdatagenerator\generatedfiles\ui_qtdatagenerator.h
c:\users\arman\desktop\exjobb_nfc\exjobb\qtdatagenerator\qtdatagenerator\generatedfiles\qrc_qtdatagenerator.cpp
c:\users\arman\desktop\exjobb_nfc\exjobb\qtdatagenerator\qtdatagenerator\generatedfiles\release\moc_qtdatagenerator.cpp
c:\users\arman\desktop\exjobb_nfc\exjobb\qtdatagenerator\x64\release\qtdatagenerator.exe
c:\users\arman\desktop\exjobb_nfc\exjobb\qtdatagenerator\qtdatagenerator\x64\release\qrc_qtdatagenerator.obj
c:\users\arman\desktop\exjobb_nfc\exjobb\qtdatagenerator\qtdatagenerator\x64\release\qtdatagenerator.tlog\cl.command.1.tlog
c:\users\arman\desktop\exjobb_nfc\exjobb\qtdatagenerator\qtdatagenerator\x64\release\qtdatagenerator.tlog\cl.read.1.tlog
c:\users\arman\desktop\exjobb_nfc\exjobb\qtdatagenerator\qtdatagenerator\x64\release\qtdatagenerator.tlog\cl.write.1.tlog
c:\users\arman\desktop\exjobb_nfc\exjobb\qtdatagenerator\qtdatagenerator\x64\release\qtdatagenerator.tlog\custombuild.command.1.tlog
c:\users\arman\desktop\exjobb_nfc\exjobb\qtdatagenerator\qtdatagenerator\x64\release\qtdatagenerator.tlog\custombuild.read.1.tlog
c:\users\arman\desktop\exjobb_nfc\exjobb\qtdatagenerator\qtdatagenerator\x64\release\qtdatagenerator.tlog\custombuild.write.1.tlog
c:\users\arman\desktop\exjobb_nfc\exjobb\qtdatagenerator\qtdatagenerator\x64\release\qtdatagenerator.tlog\link.command.1.tlog
c:\users\arman\desktop\exjobb_nfc\exjobb\qtdatagenerator\qtdatagenerator\x64\release\qtdatagenerator.tlog\link.read.1.tlog
c:\users\arman\desktop\exjobb_nfc\exjobb\qtdatagenerator\qtdatagenerator\x64\release\qtdatagenerator.tlog\link.write.1.tlog
