c:\users\stubborn\desktop\final product\gridface\x64\debug\vc120.pdb
c:\users\stubborn\desktop\final product\gridface\x64\debug\slrmsr.obj
c:\users\stubborn\desktop\final product\gridface\x64\debug\msr.obj
c:\users\stubborn\desktop\final product\gridface\x64\debug\c_badger.obj
c:\users\stubborn\desktop\final product\gridface\x64\debug\myimage.obj
c:\users\stubborn\desktop\final product\gridface\x64\debug\main.obj
c:\users\stubborn\desktop\final product\gridface\x64\debug\gridface.obj
c:\users\stubborn\desktop\final product\gridface\x64\debug\moc_gridface.obj
c:\users\stubborn\desktop\final product\gridface\x64\debug\source.obj
c:\users\stubborn\desktop\final product\gridface\x64\debug\qrc_gridface.obj
c:\users\stubborn\desktop\final product\gridface\generatedfiles\debug\moc_gridface.cpp
c:\users\stubborn\desktop\final product\gridface\generatedfiles\ui_gridface.h
c:\users\stubborn\desktop\final product\gridface\generatedfiles\qrc_gridface.cpp
c:\users\stubborn\desktop\final product\x64\debug\gridface.pdb
c:\users\stubborn\desktop\final product\gridface\x64\debug\gridface.tlog\cl.command.1.tlog
c:\users\stubborn\desktop\final product\gridface\x64\debug\gridface.tlog\cl.read.1.tlog
c:\users\stubborn\desktop\final product\gridface\x64\debug\gridface.tlog\cl.write.1.tlog
c:\users\stubborn\desktop\final product\gridface\x64\debug\gridface.tlog\custombuild.command.1.tlog
c:\users\stubborn\desktop\final product\gridface\x64\debug\gridface.tlog\custombuild.read.1.tlog
c:\users\stubborn\desktop\final product\gridface\x64\debug\gridface.tlog\custombuild.write.1.tlog
c:\users\stubborn\desktop\final product\gridface\x64\debug\gridface.tlog\link-cvtres.read.1.tlog
c:\users\stubborn\desktop\final product\gridface\x64\debug\gridface.tlog\link-cvtres.write.1.tlog
c:\users\stubborn\desktop\final product\gridface\x64\debug\gridface.tlog\link-rc.read.1.tlog
c:\users\stubborn\desktop\final product\gridface\x64\debug\gridface.tlog\link-rc.write.1.tlog
c:\users\stubborn\desktop\final product\gridface\x64\debug\gridface.tlog\link.12304-cvtres.read.1.tlog
c:\users\stubborn\desktop\final product\gridface\x64\debug\gridface.tlog\link.12304-cvtres.write.1.tlog
c:\users\stubborn\desktop\final product\gridface\x64\debug\gridface.tlog\link.12304-rc.read.1.tlog
c:\users\stubborn\desktop\final product\gridface\x64\debug\gridface.tlog\link.12304-rc.write.1.tlog
c:\users\stubborn\desktop\final product\gridface\x64\debug\gridface.tlog\link.12304.read.1.tlog
c:\users\stubborn\desktop\final product\gridface\x64\debug\gridface.tlog\link.12304.write.1.tlog
c:\users\stubborn\desktop\final product\gridface\x64\debug\gridface.tlog\link.command.1.tlog
c:\users\stubborn\desktop\final product\gridface\x64\debug\gridface.tlog\link.read.1.tlog
c:\users\stubborn\desktop\final product\gridface\x64\debug\gridface.tlog\link.write.1.tlog
