Build started 2/28/2016 11:52:17 PM.
     1>Project "C:\Users\arman\Desktop\Exjobb_NFC\Exjobb\GridFace\GridFace\GridFace.vcxproj" on node 2 (Build target(s)).
     1>CustomBuild:
         Moc'ing gridface.h...
     1>C:\Program Files (x86)\MSBuild\Microsoft.Cpp\v4.0\V120\Microsoft.CppBuild.targets(935,5): warning MSB8027: Two or more files with the name of moc_gridface.cpp will produce outputs to the same location. This can lead to an incorrect build result.  The files involved are GeneratedFiles\Debug\moc_gridface.cpp, GeneratedFiles\Release\moc_gridface.cpp.
       ClCompile:
         C:\Program Files (x86)\Microsoft Visual Studio 12.0\VC\bin\x86_amd64\CL.exe /c /I"C:\Users\arman\Desktop\dlib-18.18\dlib\all" /Ic:\opencv\build\include /I.\GeneratedFiles /I. /IC:\Qt\5.5\msvc2013_64\include /I.\GeneratedFiles\Release /IC:\Qt\5.5\msvc2013_64\include\QtCore /IC:\Qt\5.5\msvc2013_64\include\QtGui /IC:\Qt\5.5\msvc2013_64\include\QtWidgets /nologo /W1 /WX- /O2 /D UNICODE /D WIN32 /D WIN64 /D QT_DLL /D QT_NO_DEBUG /D NDEBUG /D QT_CORE_LIB /D QT_GUI_LIB /D QT_WIDGETS_LIB /Gm- /EHsc /MD /GS /fp:precise /Zc:wchar_t /Zc:forScope /Fo"x64\Release\\" /Fd"x64\Release\vc120.pdb" /Gd /TP /errorReport:prompt GeneratedFiles\Release\moc_gridface.cpp gridface.cpp main.cpp
         moc_gridface.cpp
         gridface.cpp
         main.cpp
         Generating Code...
       Link:
         C:\Program Files (x86)\Microsoft Visual Studio 12.0\VC\bin\x86_amd64\link.exe /ERRORREPORT:PROMPT /OUT:"C:\Users\arman\Desktop\Exjobb_NFC\Exjobb\GridFace\x64\Release\\GridFace.exe" /NOLOGO /LIBPATH:"C:\Users\arman\Desktop\dlib-18.18\dlib" /LIBPATH:c:\opencv\build\x64\vc12\lib /LIBPATH:C:\Qt\5.5\msvc2013_64\lib opencv_world310.lib qtmain.lib Qt5Core.lib Qt5Gui.lib Qt5Widgets.lib dlib.lib kernel32.lib user32.lib gdi32.lib winspool.lib comdlg32.lib advapi32.lib shell32.lib ole32.lib oleaut32.lib uuid.lib odbc32.lib odbccp32.lib /MANIFEST /MANIFESTUAC:"level='asInvoker' uiAccess='false'" /manifest:embed /PDB:"C:\Users\arman\Desktop\Exjobb_NFC\Exjobb\GridFace\x64\Release\GridFace.pdb" /SUBSYSTEM:WINDOWS /TLBID:1 /DYNAMICBASE /NXCOMPAT /IMPLIB:"C:\Users\arman\Desktop\Exjobb_NFC\Exjobb\GridFace\x64\Release\GridFace.lib" /MACHINE:X64 x64\Release\source.obj
         x64\Release\qrc_gridface.obj
         x64\Release\moc_gridface.obj
         x64\Release\gridface.obj
         x64\Release\main.obj
         x64\Release\MyImage.obj
         x64\Release\flandmark_detector.obj
         x64\Release\liblbp.obj
     1>gridface.obj : error LNK2019: unresolved external symbol "public: __cdecl dlib::png_loader::png_loader(class std::basic_string<char,struct std::char_traits<char>,class std::allocator<char> > const &)" (??0png_loader@dlib@@QEAA@AEBV?$basic_string@DU?$char_traits@D@std@@V?$allocator@D@2@@std@@@Z) referenced in function "void __cdecl dlib::load_image<class dlib::array2d<struct dlib::rgb_pixel,class dlib::memory_manager_stateless_kernel_1<char> > >(class dlib::array2d<struct dlib::rgb_pixel,class dlib::memory_manager_stateless_kernel_1<char> > &,class std::basic_string<char,struct std::char_traits<char>,class std::allocator<char> > const &)" (??$load_image@V?$array2d@Urgb_pixel@dlib@@V?$memory_manager_stateless_kernel_1@D@2@@dlib@@@dlib@@YAXAEAV?$array2d@Urgb_pixel@dlib@@V?$memory_manager_stateless_kernel_1@D@2@@0@AEBV?$basic_string@DU?$char_traits@D@std@@V?$allocator@D@2@@std@@@Z)
     1>gridface.obj : error LNK2019: unresolved external symbol "public: __cdecl dlib::png_loader::~png_loader(void)" (??1png_loader@dlib@@QEAA@XZ) referenced in function "void __cdecl dlib::load_image<class dlib::array2d<struct dlib::rgb_pixel,class dlib::memory_manager_stateless_kernel_1<char> > >(class dlib::array2d<struct dlib::rgb_pixel,class dlib::memory_manager_stateless_kernel_1<char> > &,class std::basic_string<char,struct std::char_traits<char>,class std::allocator<char> > const &)" (??$load_image@V?$array2d@Urgb_pixel@dlib@@V?$memory_manager_stateless_kernel_1@D@2@@dlib@@@dlib@@YAXAEAV?$array2d@Urgb_pixel@dlib@@V?$memory_manager_stateless_kernel_1@D@2@@0@AEBV?$basic_string@DU?$char_traits@D@std@@V?$allocator@D@2@@std@@@Z)
     1>gridface.obj : error LNK2019: unresolved external symbol "public: bool __cdecl dlib::png_loader::is_gray(void)const " (?is_gray@png_loader@dlib@@QEBA_NXZ) referenced in function "public: void __cdecl dlib::png_loader::get_image<class dlib::array2d<struct dlib::rgb_pixel,class dlib::memory_manager_stateless_kernel_1<char> > >(class dlib::array2d<struct dlib::rgb_pixel,class dlib::memory_manager_stateless_kernel_1<char> > &)const " (??$get_image@V?$array2d@Urgb_pixel@dlib@@V?$memory_manager_stateless_kernel_1@D@2@@dlib@@@png_loader@dlib@@QEBAXAEAV?$array2d@Urgb_pixel@dlib@@V?$memory_manager_stateless_kernel_1@D@2@@1@@Z)
     1>gridface.obj : error LNK2019: unresolved external symbol "public: bool __cdecl dlib::png_loader::is_graya(void)const " (?is_graya@png_loader@dlib@@QEBA_NXZ) referenced in function "public: void __cdecl dlib::png_loader::get_image<class dlib::array2d<struct dlib::rgb_pixel,class dlib::memory_manager_stateless_kernel_1<char> > >(class dlib::array2d<struct dlib::rgb_pixel,class dlib::memory_manager_stateless_kernel_1<char> > &)const " (??$get_image@V?$array2d@Urgb_pixel@dlib@@V?$memory_manager_stateless_kernel_1@D@2@@dlib@@@png_loader@dlib@@QEBAXAEAV?$array2d@Urgb_pixel@dlib@@V?$memory_manager_stateless_kernel_1@D@2@@1@@Z)
     1>gridface.obj : error LNK2019: unresolved external symbol "public: bool __cdecl dlib::png_loader::is_rgb(void)const " (?is_rgb@png_loader@dlib@@QEBA_NXZ) referenced in function "public: void __cdecl dlib::png_loader::get_image<class dlib::array2d<struct dlib::rgb_pixel,class dlib::memory_manager_stateless_kernel_1<char> > >(class dlib::array2d<struct dlib::rgb_pixel,class dlib::memory_manager_stateless_kernel_1<char> > &)const " (??$get_image@V?$array2d@Urgb_pixel@dlib@@V?$memory_manager_stateless_kernel_1@D@2@@dlib@@@png_loader@dlib@@QEBAXAEAV?$array2d@Urgb_pixel@dlib@@V?$memory_manager_stateless_kernel_1@D@2@@1@@Z)
     1>gridface.obj : error LNK2019: unresolved external symbol "public: bool __cdecl dlib::png_loader::is_rgba(void)const " (?is_rgba@png_loader@dlib@@QEBA_NXZ) referenced in function "public: void __cdecl dlib::png_loader::get_image<class dlib::array2d<struct dlib::rgb_pixel,class dlib::memory_manager_stateless_kernel_1<char> > >(class dlib::array2d<struct dlib::rgb_pixel,class dlib::memory_manager_stateless_kernel_1<char> > &)const " (??$get_image@V?$array2d@Urgb_pixel@dlib@@V?$memory_manager_stateless_kernel_1@D@2@@dlib@@@png_loader@dlib@@QEBAXAEAV?$array2d@Urgb_pixel@dlib@@V?$memory_manager_stateless_kernel_1@D@2@@1@@Z)
     1>gridface.obj : error LNK2019: unresolved external symbol "private: unsigned char const * __cdecl dlib::png_loader::get_row(unsigned int)const " (?get_row@png_loader@dlib@@AEBAPEBEI@Z) referenced in function "public: void __cdecl dlib::png_loader::get_image<class dlib::array2d<struct dlib::rgb_pixel,class dlib::memory_manager_stateless_kernel_1<char> > >(class dlib::array2d<struct dlib::rgb_pixel,class dlib::memory_manager_stateless_kernel_1<char> > &)const " (??$get_image@V?$array2d@Urgb_pixel@dlib@@V?$memory_manager_stateless_kernel_1@D@2@@dlib@@@png_loader@dlib@@QEBAXAEAV?$array2d@Urgb_pixel@dlib@@V?$memory_manager_stateless_kernel_1@D@2@@1@@Z)
     1>gridface.obj : error LNK2019: unresolved external symbol "public: __cdecl dlib::jpeg_loader::jpeg_loader(class std::basic_string<char,struct std::char_traits<char>,class std::allocator<char> > const &)" (??0jpeg_loader@dlib@@QEAA@AEBV?$basic_string@DU?$char_traits@D@std@@V?$allocator@D@2@@std@@@Z) referenced in function "void __cdecl dlib::load_image<class dlib::array2d<struct dlib::rgb_pixel,class dlib::memory_manager_stateless_kernel_1<char> > >(class dlib::array2d<struct dlib::rgb_pixel,class dlib::memory_manager_stateless_kernel_1<char> > &,class std::basic_string<char,struct std::char_traits<char>,class std::allocator<char> > const &)" (??$load_image@V?$array2d@Urgb_pixel@dlib@@V?$memory_manager_stateless_kernel_1@D@2@@dlib@@@dlib@@YAXAEAV?$array2d@Urgb_pixel@dlib@@V?$memory_manager_stateless_kernel_1@D@2@@0@AEBV?$basic_string@DU?$char_traits@D@std@@V?$allocator@D@2@@std@@@Z)
     1>gridface.obj : error LNK2019: unresolved external symbol "public: bool __cdecl dlib::jpeg_loader::is_gray(void)const " (?is_gray@jpeg_loader@dlib@@QEBA_NXZ) referenced in function "public: void __cdecl dlib::jpeg_loader::get_image<class dlib::array2d<struct dlib::rgb_pixel,class dlib::memory_manager_stateless_kernel_1<char> > >(class dlib::array2d<struct dlib::rgb_pixel,class dlib::memory_manager_stateless_kernel_1<char> > &)const " (??$get_image@V?$array2d@Urgb_pixel@dlib@@V?$memory_manager_stateless_kernel_1@D@2@@dlib@@@jpeg_loader@dlib@@QEBAXAEAV?$array2d@Urgb_pixel@dlib@@V?$memory_manager_stateless_kernel_1@D@2@@1@@Z)
     1>C:\Users\arman\Desktop\Exjobb_NFC\Exjobb\GridFace\x64\Release\\GridFace.exe : fatal error LNK1120: 9 unresolved externals
     1>Done Building Project "C:\Users\arman\Desktop\Exjobb_NFC\Exjobb\GridFace\GridFace\GridFace.vcxproj" (Build target(s)) -- FAILED.

Build FAILED.

Time Elapsed 00:00:29.30
