c:\users\nfcexjobb\desktop\exjobb_nfc\exjobb\gridface\gridface\x64\release\liblbp.obj
c:\users\nfcexjobb\desktop\exjobb_nfc\exjobb\gridface\gridface\x64\release\flandmark_detector.obj
c:\users\nfcexjobb\desktop\exjobb_nfc\exjobb\gridface\gridface\x64\release\myimage.obj
c:\users\nfcexjobb\desktop\exjobb_nfc\exjobb\gridface\gridface\x64\release\main.obj
c:\users\nfcexjobb\desktop\exjobb_nfc\exjobb\gridface\gridface\x64\release\gridface.obj
c:\users\nfcexjobb\desktop\exjobb_nfc\exjobb\gridface\gridface\x64\release\moc_gridface.obj
c:\users\nfcexjobb\desktop\exjobb_nfc\exjobb\gridface\gridface\x64\release\source.obj
c:\users\nfcexjobb\desktop\exjobb_nfc\exjobb\gridface\gridface\x64\release\qrc_gridface.obj
c:\users\nfcexjobb\desktop\exjobb_nfc\exjobb\gridface\gridface\generatedfiles\ui_gridface.h
c:\users\nfcexjobb\desktop\exjobb_nfc\exjobb\gridface\gridface\generatedfiles\qrc_gridface.cpp
c:\users\nfcexjobb\desktop\exjobb_nfc\exjobb\gridface\gridface\generatedfiles\release\moc_gridface.cpp
c:\users\nfcexjobb\desktop\exjobb_nfc\exjobb\gridface\x64\release\gridface.exe
c:\users\nfcexjobb\desktop\exjobb_nfc\exjobb\gridface\gridface\x64\release\gridface.tlog\cl.command.1.tlog
c:\users\nfcexjobb\desktop\exjobb_nfc\exjobb\gridface\gridface\x64\release\gridface.tlog\cl.read.1.tlog
c:\users\nfcexjobb\desktop\exjobb_nfc\exjobb\gridface\gridface\x64\release\gridface.tlog\cl.write.1.tlog
c:\users\nfcexjobb\desktop\exjobb_nfc\exjobb\gridface\gridface\x64\release\gridface.tlog\custombuild.command.1.tlog
c:\users\nfcexjobb\desktop\exjobb_nfc\exjobb\gridface\gridface\x64\release\gridface.tlog\custombuild.read.1.tlog
c:\users\nfcexjobb\desktop\exjobb_nfc\exjobb\gridface\gridface\x64\release\gridface.tlog\custombuild.write.1.tlog
c:\users\nfcexjobb\desktop\exjobb_nfc\exjobb\gridface\gridface\x64\release\gridface.tlog\link.command.1.tlog
c:\users\nfcexjobb\desktop\exjobb_nfc\exjobb\gridface\gridface\x64\release\gridface.tlog\link.read.1.tlog
c:\users\nfcexjobb\desktop\exjobb_nfc\exjobb\gridface\gridface\x64\release\gridface.tlog\link.write.1.tlog
